<?xml version="1.0" encoding="UTF-8"?>
<testsuite name="com.bridgelabz.bookstore.EBookStoreApplicationTestClass" tests="8" skipped="0" failures="0" errors="0" timestamp="2020-01-23T12:06:24" hostname="admin1-H110M-H" time="1.014">
  <properties/>
  <testcase name="givenEBookStore_WhenSearchBookByTitle_ThenShouldReturnBooksFound" classname="com.bridgelabz.bookstore.EBookStoreApplicationTestClass" time="0.779"/>
  <testcase name="givenBooksList_WhenBookPaginationMode_ThenShouldReturnCorrect" classname="com.bridgelabz.bookstore.EBookStoreApplicationTestClass" time="0.058"/>
  <testcase name="givenBooks_WhenBookShowDetail_ThenShouldReturnPageNumber2" classname="com.bridgelabz.bookstore.EBookStoreApplicationTestClass" time="0.026"/>
  <testcase name="givenEBookStore_WhenSearchBookByAuthorFullName_ThenShouldReturnBooksFound" classname="com.bridgelabz.bookstore.EBookStoreApplicationTestClass" time="0.025"/>
  <testcase name="givenEBookStore_WhenSearchBookByAuthorInFirstLetter_ThenShouldReturnBooksFound" classname="com.bridgelabz.bookstore.EBookStoreApplicationTestClass" time="0.074"/>
  <testcase name="givenEBookStore_WhenSearchBookByTitle_ThenShouldReturnValidationError" classname="com.bridgelabz.bookstore.EBookStoreApplicationTestClass" time="0.011"/>
  <testcase name="givenBooks_WhenBookShowDetail_ThenShouldReturnCorrectBookDetail" classname="com.bridgelabz.bookstore.EBookStoreApplicationTestClass" time="0.016"/>
  <testcase name="givenMinimumAndMaximumPriceLimit_WhenBookDetailsAvailable_ThenShouldReturnExactListOfBooks" classname="com.bridgelabz.bookstore.EBookStoreApplicationTestClass" time="0.023"/>
  <system-out><![CDATA[{
    "success": true,
    "message": "Books Found",
    "data": [
        {
            "_id": "5e1ff27d9d6d3b1318e58143",
            "id": "1",
            "author": "Chetan Bhagat'",
            "title": "The Girl in Room 105'",
            "image": "http://books.google.com/books/content?id=GHt_uwEACAAJ&printsec=frontcover&img=1&zoom=5'",
            "quantity": 12,
            "price": 193,
            "description": "Hi I'm Keshavand my life is screwed. I hate my job and my girlfriend left me. Ahthe beautiful Zara. Zara is from Kashmir. She is a Muslim. And did I tell you my family is a bitwelltraditional? Anywayleave that. Zara and I broke up four years ago. She moved on in life. I didn''t. I drank every night to forget her. I calledmessagedand stalked her on social media. She just ignored me. Howeverthat nighton the eve of her birthdayZara messaged me. She called me overlike old timesto her hostel room 105. I shouldn''t have gonebut I did... and my life changed forever. This is not a love story. It is an unlove story.From the author of Five Point Someone and 2 Statescomes a fast-pacedfunny and unputdownable thriller about obsessive love and finding purpose in life against the backdrop of contemporary India.'"
        },
        {
            "_id": "5e1ff27d9d6d3b1318e58148",
            "id": "6",
            "author": "Dan Brown'",
            "title": "Deception Point'",
            "image": "http://books.google.com/books/content?id=tYwq0H5HcrcC&printsec=frontcover&img=1&zoom=5'",
            "quantity": 12,
            "price": 128,
            "description": "*INCLUDES A SNEAK PREVIEW OF ORIGINTHE NEW THRILLER BY DAN BROWN: OUT 3RD OCTOBER. PRE-ORDER TODAY* --------------------------------------------------------------------------------------------------- When a new NASA satellite detects evidence of an astonishingly rare object buried deep in the Arctic icethe floundering space agency proclaims a much-needed victory...a victory that has profound implications for U.S. space policy and the impending presidential election. With the Oval Office in the balancethe President dispatches White House Intelligence analyst Rachel Sexton to the Arctic to verify the authenticity of the find. Accompanied by a team of expertsincluding the charismatic academic Michael TollandRachel uncovers the unthinkable - evidence of scientific trickery - a bold deception that threatens to plunge the world into controversy...'"
        },
        {
            "_id": "5e1ff27d9d6d3b1318e5814b",
            "id": "9",
            "author": "Dan Brown'",
            "title": "The Da Vinci Code'",
            "image": "http://books.google.com/books/content?id=ivzfRJGrdFsC&printsec=frontcover&img=1&zoom=5'",
            "quantity": 13,
            "price": 348,
            "description": "*INCLUDES AN EXTRACT FROM ORIGINTHE NEW THRILLER BY DAN BROWN: OUT NOW* --------------------------------------------------------------------------------------------------- Harvard professor Robert Langdon receives an urgent late-night phone call while on business in Paris: the elderly curator of the Louvre has been brutally murdered inside the museum. Alongside the bodypolice have found a series of baffling codes. As Langdon and a gifted French cryptologistSophie Neveubegin to sort through the bizarre riddlesthey are stunned to find a trail that leads to the works of Leonardo Da Vinci - and suggests the answer to a mystery that stretches deep into the vault of history. Unless Langdon and Neveu can decipher the labyrinthine code and quickly assemble the pieces of the puzzlea stunning historical truth will be lost forever...'"
        },
        {
            "_id": "5e1ff27d9d6d3b1318e58150",
            "id": "14",
            "author": "Stephen King'",
            "title": "Carrie'",
            "image": "http://books.google.com/books/content?id=KOPSjMuVN4kC&printsec=frontcover&img=1&zoom=5'",
            "quantity": 14,
            "price": 444,
            "description": "Stephen Kings legendary debutabout a teenage outcast and the revenge she enacts on her classmatesis a Classic. CARRIE is the novel which set him on the road to the Number One bestselling author King is today. Carrie White is no ordinary girl. Carrie White has the gift of telekinesis. To be invited to Prom Night by Tommy Ross is a dream come true for Carrie - the first step towards social acceptance by her high school colleagues. But events will take a decidedly macabre turn on that horrifying and endless night as she is forced to exercise her terrible gift on the town that mocks and loathes her . . .'"
        },
        {
            "_id": "5e1ff27d9d6d3b1318e58153",
            "id": "17",
            "author": "Stephen King'",
            "title": "The Stephen King companion'",
            "image": "http://books.google.com/books/content?id=27ghAQAAIAAJ&printsec=frontcover&img=1&zoom=5'",
            "quantity": 14,
            "price": 1034,
            "description": "Contains articlesinterviewsprofilessynopsesand sidebars on Kings life and works.'"
        },
        {
            "_id": "5e1ff27d9d6d3b1318e58156",
            "id": "20",
            "author": "Stephen King'",
            "title": "Danse Macabre'",
            "image": "http://books.google.com/books/content?id=Rs1WbPRa3LoC&printsec=frontcover&img=1&zoom=5'",
            "quantity": 12,
            "price": 563,
            "description": "From the author of dozens of #1 New York Times bestsellers and the creator of many unforgettable movies comes a vividintelligentand nostalgic journey through three decades of horror as experienced through the eyes of the most popular writer in the genre. In 1981years before he sat down to tackle On WritingStephen King decided to address the topic of what makes horror horrifying and what makes terror terrifying. Herein ten brilliantly written chaptersKing delivers one colorful observation after another about the great storiesbooksand films that comprise the horror genre—from Frankenstein and Dracula to The ExorcistThe Twilight Zoneand Earth vs. The Flying Saucers. With the insight and good humor his fans appreciated in On ?WritingDanse Macabre is an enjoyably entertaining tour through Stephen King’s beloved world of horror.'"
        },
        {
            "_id": "5e1ff27d9d6d3b1318e58158",
            "id": "22",
            "author": "Stephen King'",
            "title": "Cell'",
            "image": "http://books.google.com/books/content?id=y0L2B1E8w74C&printsec=frontcover&img=1&zoom=5'",
            "quantity": 12,
            "price": 238,
            "description": "From international bestseller Stephen Kinga high-conceptingenious and terrifying story about the mayhem unleashed when a pulse from a mysterious source transforms all cell phone users into homicidal maniacs. There’s a reason cell rhymes with hell. On October 1God is in His heaventhe stock market stands at 10140most of the planes are on timeand Clayton Riddellan artist from Maineis almost bouncing up Boylston Street in Boston. He’s just landed a comic book deal that might finally enable him to support his family by making art instead of teaching it. He’s already picked up a small (but expensive!) gift for his long-suffering wifeand he knows just what he’ll get for his boy Johnny. Why not a little treat for himself? Clay’s feeling good about the future. That changes in a hurry. The cause of the devastation is a phenomenon that will come to be known as The Pulseand the delivery method is a cell phone. Everyone’s cell phone. Clay and the few desperate survivors who join him suddenly find themselves in the pitch-black night of civilization’s darkest agesurrounded by chaoscarnageand a human horde that has been reduced to its basest nature...and then begins to evolve. There’s really no escaping this nightmare. But for Clayan arrow points home to Maineand as he and his fellow refugees make their harrowing journey north they begin to see crude signs confirming their direction. A promiseperhaps. Or a threat... There are 193 million cell phones in the United States alone. Who doesn’t have one? Stephen King’s utterly grippinggoryand fascinating novel doesn’t just ask the question “Can you hear me now?” It answers it with a vengeance.'"
        },
        {
            "_id": "5e1ff27d9d6d3b1318e5815b",
            "id": "25",
            "author": "Stephen King'",
            "title": "Christine'",
            "image": "http://books.google.com/books/content?id=DdHRpPUi5LsC&printsec=frontcover&img=1&zoom=5'",
            "quantity": 15,
            "price": 1078,
            "description": "A scarlet-and-white1958 Plymouth--salvagedover every rational dissent and objectionfrom decay--possesses its new owner and brings hellish terror to himhis friendsand his classmates. Reissue.'"
        },
        {
            "_id": "5e1ff27d9d6d3b1318e58168",
            "id": "38",
            "author": "Stephen King'",
            "title": "American Vampire'",
            "image": "http://books.google.com/books/content?id=FwlDtQEACAAJ&printsec=frontcover&img=1&zoom=5'",
            "quantity": 14,
            "price": 336,
            "description": "Features a new breed of vampire - muscularviciousand distinctly American.'"
        },
        {
            "_id": "5e1ff27d9d6d3b1318e58173",
            "id": "49",
            "author": "Stephen King'",
            "title": "Dolores Claiborne'",
            "image": "http://books.google.com/books/content?id=dUQat2unQE8C&printsec=frontcover&img=1&zoom=5'",
            "quantity": 14,
            "price": 833,
            "description": "Dolores Claiborne has a story to tell. But it is not quite what the police had expected. Dolores Claiborne has a confession to make . . . She will take her time. Wont be hurried. Will do it her waysparing neither details nor feelings. Hers or anyone elses. This is the truththe whole truth and nothing but the truth. Truth that takes you to the edge of darkness. Dolores Claiborne has a story to tell and youd better pay attention - or else. DOLORES CLAIBORNE is a film starring Kathy Bates.'"
        },
        {
            "_id": "5e1ff27d9d6d3b1318e58174",
            "id": "50",
            "author": "Stephen King'",
            "title": "The Second Stephen King Quiz Book'",
            "image": "http://books.google.com/books/content?id=aUirWV4S8psC&printsec=frontcover&img=1&zoom=5'",
            "quantity": 12,
            "price": 237,
            "description": "A follow-up to The Stephen King Quiz Book tests the horror knowledge of King fans with questions about collectors editionsmovie and television versions of his booksand more. Original.'"
        },
        {
            "_id": "5e1ff27d9d6d3b1318e58176",
            "id": "52",
            "author": "Stephen King'",
            "title": "Doctor Sleep'",
            "image": "http://books.google.com/books/content?id=DQTgAAAAQBAJ&printsec=frontcover&img=1&zoom=5'",
            "quantity": 14,
            "price": 245,
            "description": "After decades as an itinerant alcoholicmiddle-aged Dan Torrance uses his remnant powers to assist the dying before coming to the aid of a twelve-year-old girl being tortured by a tribe of murderous paranormals.'"
        },
        {
            "_id": "5e26cf3b9858c840b50f5729",
            "id": "01",
            "author": "chetan bhagat",
            "title": "aaaa",
            "image": "sdfsdf",
            "price": 123,
            "createdAt": "2020-01-21T10:15:23.713Z",
            "updatedAt": "2020-01-21T10:15:23.713Z",
            "__v": 0
        }
    ]
}
Body{
    "success": true,
    "message": "Books Found",
    "data": [
        {
            "_id": "5e1ff27d9d6d3b1318e58143",
            "id": "1",
            "author": "Chetan Bhagat'",
            "title": "The Girl in Room 105'",
            "image": "http://books.google.com/books/content?id=GHt_uwEACAAJ&printsec=frontcover&img=1&zoom=5'",
            "quantity": 12,
            "price": 193,
            "description": "Hi I'm Keshavand my life is screwed. I hate my job and my girlfriend left me. Ahthe beautiful Zara. Zara is from Kashmir. She is a Muslim. And did I tell you my family is a bitwelltraditional? Anywayleave that. Zara and I broke up four years ago. She moved on in life. I didn''t. I drank every night to forget her. I calledmessagedand stalked her on social media. She just ignored me. Howeverthat nighton the eve of her birthdayZara messaged me. She called me overlike old timesto her hostel room 105. I shouldn''t have gonebut I did... and my life changed forever. This is not a love story. It is an unlove story.From the author of Five Point Someone and 2 Statescomes a fast-pacedfunny and unputdownable thriller about obsessive love and finding purpose in life against the backdrop of contemporary India.'"
        },
        {
            "_id": "5e1ff27d9d6d3b1318e58148",
            "id": "6",
            "author": "Dan Brown'",
            "title": "Deception Point'",
            "image": "http://books.google.com/books/content?id=tYwq0H5HcrcC&printsec=frontcover&img=1&zoom=5'",
            "quantity": 12,
            "price": 128,
            "description": "*INCLUDES A SNEAK PREVIEW OF ORIGINTHE NEW THRILLER BY DAN BROWN: OUT 3RD OCTOBER. PRE-ORDER TODAY* --------------------------------------------------------------------------------------------------- When a new NASA satellite detects evidence of an astonishingly rare object buried deep in the Arctic icethe floundering space agency proclaims a much-needed victory...a victory that has profound implications for U.S. space policy and the impending presidential election. With the Oval Office in the balancethe President dispatches White House Intelligence analyst Rachel Sexton to the Arctic to verify the authenticity of the find. Accompanied by a team of expertsincluding the charismatic academic Michael TollandRachel uncovers the unthinkable - evidence of scientific trickery - a bold deception that threatens to plunge the world into controversy...'"
        },
        {
            "_id": "5e1ff27d9d6d3b1318e5814b",
            "id": "9",
            "author": "Dan Brown'",
            "title": "The Da Vinci Code'",
            "image": "http://books.google.com/books/content?id=ivzfRJGrdFsC&printsec=frontcover&img=1&zoom=5'",
            "quantity": 13,
            "price": 348,
            "description": "*INCLUDES AN EXTRACT FROM ORIGINTHE NEW THRILLER BY DAN BROWN: OUT NOW* --------------------------------------------------------------------------------------------------- Harvard professor Robert Langdon receives an urgent late-night phone call while on business in Paris: the elderly curator of the Louvre has been brutally murdered inside the museum. Alongside the bodypolice have found a series of baffling codes. As Langdon and a gifted French cryptologistSophie Neveubegin to sort through the bizarre riddlesthey are stunned to find a trail that leads to the works of Leonardo Da Vinci - and suggests the answer to a mystery that stretches deep into the vault of history. Unless Langdon and Neveu can decipher the labyrinthine code and quickly assemble the pieces of the puzzlea stunning historical truth will be lost forever...'"
        },
        {
            "_id": "5e1ff27d9d6d3b1318e58150",
            "id": "14",
            "author": "Stephen King'",
            "title": "Carrie'",
            "image": "http://books.google.com/books/content?id=KOPSjMuVN4kC&printsec=frontcover&img=1&zoom=5'",
            "quantity": 14,
            "price": 444,
            "description": "Stephen Kings legendary debutabout a teenage outcast and the revenge she enacts on her classmatesis a Classic. CARRIE is the novel which set him on the road to the Number One bestselling author King is today. Carrie White is no ordinary girl. Carrie White has the gift of telekinesis. To be invited to Prom Night by Tommy Ross is a dream come true for Carrie - the first step towards social acceptance by her high school colleagues. But events will take a decidedly macabre turn on that horrifying and endless night as she is forced to exercise her terrible gift on the town that mocks and loathes her . . .'"
        },
        {
            "_id": "5e1ff27d9d6d3b1318e58153",
            "id": "17",
            "author": "Stephen King'",
            "title": "The Stephen King companion'",
            "image": "http://books.google.com/books/content?id=27ghAQAAIAAJ&printsec=frontcover&img=1&zoom=5'",
            "quantity": 14,
            "price": 1034,
            "description": "Contains articlesinterviewsprofilessynopsesand sidebars on Kings life and works.'"
        },
        {
            "_id": "5e1ff27d9d6d3b1318e58156",
            "id": "20",
            "author": "Stephen King'",
            "title": "Danse Macabre'",
            "image": "http://books.google.com/books/content?id=Rs1WbPRa3LoC&printsec=frontcover&img=1&zoom=5'",
            "quantity": 12,
            "price": 563,
            "description": "From the author of dozens of #1 New York Times bestsellers and the creator of many unforgettable movies comes a vividintelligentand nostalgic journey through three decades of horror as experienced through the eyes of the most popular writer in the genre. In 1981years before he sat down to tackle On WritingStephen King decided to address the topic of what makes horror horrifying and what makes terror terrifying. Herein ten brilliantly written chaptersKing delivers one colorful observation after another about the great storiesbooksand films that comprise the horror genre—from Frankenstein and Dracula to The ExorcistThe Twilight Zoneand Earth vs. The Flying Saucers. With the insight and good humor his fans appreciated in On ?WritingDanse Macabre is an enjoyably entertaining tour through Stephen King’s beloved world of horror.'"
        },
        {
            "_id": "5e1ff27d9d6d3b1318e58158",
            "id": "22",
            "author": "Stephen King'",
            "title": "Cell'",
            "image": "http://books.google.com/books/content?id=y0L2B1E8w74C&printsec=frontcover&img=1&zoom=5'",
            "quantity": 12,
            "price": 238,
            "description": "From international bestseller Stephen Kinga high-conceptingenious and terrifying story about the mayhem unleashed when a pulse from a mysterious source transforms all cell phone users into homicidal maniacs. There’s a reason cell rhymes with hell. On October 1God is in His heaventhe stock market stands at 10140most of the planes are on timeand Clayton Riddellan artist from Maineis almost bouncing up Boylston Street in Boston. He’s just landed a comic book deal that might finally enable him to support his family by making art instead of teaching it. He’s already picked up a small (but expensive!) gift for his long-suffering wifeand he knows just what he’ll get for his boy Johnny. Why not a little treat for himself? Clay’s feeling good about the future. That changes in a hurry. The cause of the devastation is a phenomenon that will come to be known as The Pulseand the delivery method is a cell phone. Everyone’s cell phone. Clay and the few desperate survivors who join him suddenly find themselves in the pitch-black night of civilization’s darkest agesurrounded by chaoscarnageand a human horde that has been reduced to its basest nature...and then begins to evolve. There’s really no escaping this nightmare. But for Clayan arrow points home to Maineand as he and his fellow refugees make their harrowing journey north they begin to see crude signs confirming their direction. A promiseperhaps. Or a threat... There are 193 million cell phones in the United States alone. Who doesn’t have one? Stephen King’s utterly grippinggoryand fascinating novel doesn’t just ask the question “Can you hear me now?” It answers it with a vengeance.'"
        },
        {
            "_id": "5e1ff27d9d6d3b1318e5815b",
            "id": "25",
            "author": "Stephen King'",
            "title": "Christine'",
            "image": "http://books.google.com/books/content?id=DdHRpPUi5LsC&printsec=frontcover&img=1&zoom=5'",
            "quantity": 15,
            "price": 1078,
            "description": "A scarlet-and-white1958 Plymouth--salvagedover every rational dissent and objectionfrom decay--possesses its new owner and brings hellish terror to himhis friendsand his classmates. Reissue.'"
        },
        {
            "_id": "5e1ff27d9d6d3b1318e58168",
            "id": "38",
            "author": "Stephen King'",
            "title": "American Vampire'",
            "image": "http://books.google.com/books/content?id=FwlDtQEACAAJ&printsec=frontcover&img=1&zoom=5'",
            "quantity": 14,
            "price": 336,
            "description": "Features a new breed of vampire - muscularviciousand distinctly American.'"
        },
        {
            "_id": "5e1ff27d9d6d3b1318e58173",
            "id": "49",
            "author": "Stephen King'",
            "title": "Dolores Claiborne'",
            "image": "http://books.google.com/books/content?id=dUQat2unQE8C&printsec=frontcover&img=1&zoom=5'",
            "quantity": 14,
            "price": 833,
            "description": "Dolores Claiborne has a story to tell. But it is not quite what the police had expected. Dolores Claiborne has a confession to make . . . She will take her time. Wont be hurried. Will do it her waysparing neither details nor feelings. Hers or anyone elses. This is the truththe whole truth and nothing but the truth. Truth that takes you to the edge of darkness. Dolores Claiborne has a story to tell and youd better pay attention - or else. DOLORES CLAIBORNE is a film starring Kathy Bates.'"
        },
        {
            "_id": "5e1ff27d9d6d3b1318e58174",
            "id": "50",
            "author": "Stephen King'",
            "title": "The Second Stephen King Quiz Book'",
            "image": "http://books.google.com/books/content?id=aUirWV4S8psC&printsec=frontcover&img=1&zoom=5'",
            "quantity": 12,
            "price": 237,
            "description": "A follow-up to The Stephen King Quiz Book tests the horror knowledge of King fans with questions about collectors editionsmovie and television versions of his booksand more. Original.'"
        },
        {
            "_id": "5e1ff27d9d6d3b1318e58176",
            "id": "52",
            "author": "Stephen King'",
            "title": "Doctor Sleep'",
            "image": "http://books.google.com/books/content?id=DQTgAAAAQBAJ&printsec=frontcover&img=1&zoom=5'",
            "quantity": 14,
            "price": 245,
            "description": "After decades as an itinerant alcoholicmiddle-aged Dan Torrance uses his remnant powers to assist the dying before coming to the aid of a twelve-year-old girl being tortured by a tribe of murderous paranormals.'"
        },
        {
            "_id": "5e26cf3b9858c840b50f5729",
            "id": "01",
            "author": "chetan bhagat",
            "title": "aaaa",
            "image": "sdfsdf",
            "price": 123,
            "createdAt": "2020-01-21T10:15:23.713Z",
            "updatedAt": "2020-01-21T10:15:23.713Z",
            "__v": 0
        }
    ]
}
{
    "success": true,
    "message": "All books are sorted",
    "data": {
        "message": "Books Found",
        "data": [
            {
                "_id": "5e1ff27d9d6d3b1318e58143",
                "id": "1",
                "author": "Chetan Bhagat'",
                "title": "The Girl in Room 105'",
                "image": "http://books.google.com/books/content?id=GHt_uwEACAAJ&printsec=frontcover&img=1&zoom=5'",
                "quantity": 12,
                "price": 193,
                "description": "Hi I'm Keshavand my life is screwed. I hate my job and my girlfriend left me. Ahthe beautiful Zara. Zara is from Kashmir. She is a Muslim. And did I tell you my family is a bitwelltraditional? Anywayleave that. Zara and I broke up four years ago. She moved on in life. I didn''t. I drank every night to forget her. I calledmessagedand stalked her on social media. She just ignored me. Howeverthat nighton the eve of her birthdayZara messaged me. She called me overlike old timesto her hostel room 105. I shouldn''t have gonebut I did... and my life changed forever. This is not a love story. It is an unlove story.From the author of Five Point Someone and 2 Statescomes a fast-pacedfunny and unputdownable thriller about obsessive love and finding purpose in life against the backdrop of contemporary India.'"
            },
            {
                "_id": "5e1ff27d9d6d3b1318e58147",
                "id": "5",
                "author": "Dan Brown'",
                "title": "Origin'",
                "image": "http://books.google.com/books/content?id=95wnDQAAQBAJ&printsec=frontcover&img=1&zoom=5'",
                "quantity": 16,
                "price": 174,
                "description": "Sunday Times #1 Bestseller New York Times #1 Bestseller The global bestseller - Origin is the latest Robert Langdon novel from the author of The Da Vinci Code. Fans will not be disappointed The Times Robert LangdonHarvard professor of symbology and religious iconologyarrives at the Guggenheim Museum Bilbao to attend the unveiling of an astonishing scientific breakthrough. The evening’s host is billionaire Edmond Kirscha futurist whose dazzling high-tech inventions and audacious predictions have made him a controversial figure around the world. But Langdon and several hundred guests are left reeling when the meticulously orchestrated evening is suddenly blown apart. There is a real danger that Kirsch’s precious discovery may be lost in the ensuing chaos. With his life under threatLangdon is forced into a desperate bid to escape Bilbaotaking with him the museum’s directorAmbra Vidal. Together they flee to Barcelona on a perilous quest to locate a cryptic password that will unlock Kirsch’s secret. To evade a devious enemy who is one step ahead of them at every turnLangdon and Vidal must navigate the labyrinthine passageways of extreme religion and hidden history. On a trail marked only by enigmatic symbols and elusive modern artLangdon and Vidal will come face-to-face with a breathtaking truth that has remained buried – until now. ‘Dan Brown is the master of the intellectual cliffhanger’ Wall Street Journal ‘As engaging a hero as you could wish for’ Mail on Sunday ‘For anyone who wants more brain-food than thrillers normally provide’ Sunday Times'"
            },
            {
                "_id": "5e1ff27d9d6d3b1318e58148",
                "id": "6",
                "author": "Dan Brown'",
                "title": "Deception Point'",
                "image": "http://books.google.com/books/content?id=tYwq0H5HcrcC&printsec=frontcover&img=1&zoom=5'",
                "quantity": 12,
                "price": 128,
                "description": "*INCLUDES A SNEAK PREVIEW OF ORIGINTHE NEW THRILLER BY DAN BROWN: OUT 3RD OCTOBER. PRE-ORDER TODAY* --------------------------------------------------------------------------------------------------- When a new NASA satellite detects evidence of an astonishingly rare object buried deep in the Arctic icethe floundering space agency proclaims a much-needed victory...a victory that has profound implications for U.S. space policy and the impending presidential election. With the Oval Office in the balancethe President dispatches White House Intelligence analyst Rachel Sexton to the Arctic to verify the authenticity of the find. Accompanied by a team of expertsincluding the charismatic academic Michael TollandRachel uncovers the unthinkable - evidence of scientific trickery - a bold deception that threatens to plunge the world into controversy...'"
            },
            {
                "_id": "5e1ff27d9d6d3b1318e58165",
                "id": "35",
                "author": "Stephen King'",
                "title": "The Mist'",
                "image": "http://books.google.com/books/content?id=41LdDgAAQBAJ&printsec=frontcover&img=1&zoom=5'",
                "quantity": 14,
                "price": 117,
                "description": "#1 New York Times bestselling author Stephen King’s terrifying novella about a town engulfed in a densemysterious mist as humanity makes its last stand against unholy destruction—originally published in the acclaimed short story collection Skeleton Crew and made into a TV seriesas well as a feature film starring Thomas Jane and Marcia Gay Harden. In the wake of a summer stormterror descends...David Draytonhis son Billyand their neighbor Brent Norton join dozens of others and head to the local grocery store to replenish supplies following a freak storm. Once therethey become trapped by a strange mist that has enveloped the town. As the confinement takes its toll on their nervesa religious zealotMrs. Carmodybegins to play on their fears to convince them that this is God’s vengeance for their sins. She insists a sacrifice must be made and two groups—those for and those against—are aligned. Clearlystaying in the store may prove fataland the Draytonsalong with store employee Ollie WeeksAmanda DumfriesIrene Repplerand Dan Millerattempt to make their escape. But what’s out there may be worse than what they left behind. This exhilarating novella explores the horror in both the enemy you know—and the one you can only imagine.'"
            },
            {
                "_id": "5e1ff27d9d6d3b1318e5816f",
                "id": "45",
                "author": "Stephen King'",
                "title": "Dyneins'",
                "image": "http://books.google.com/books/content?id=PcBvQC_O870C&printsec=frontcover&img=1&zoom=5'",
                "quantity": 14,
                "price": 128,
                "description": "With an accompanying Web site showing more than 100 streaming videos of cell dynamic behavior for best comprehension of materialDyneins is the only reference covering the structurebiologyand application of dynein research to human disease. From bench to bedsidethis book offers research on fundamental cellular processes to researchers and clinicians across developmental biologycell biologymolecular biologybiophysicsbiomedicinegeneticsand medicine.'"
            },
            {
                "_id": "5e26cf3b9858c840b50f5729",
                "id": "01",
                "author": "chetan bhagat",
                "title": "aaaa",
                "image": "sdfsdf",
                "price": 123,
                "createdAt": "2020-01-21T10:15:23.713Z",
                "updatedAt": "2020-01-21T10:15:23.713Z",
                "__v": 0
            }
        ]
    }
}
]]></system-out>
  <system-err><![CDATA[]]></system-err>
</testsuite>
